# JRE version: Java(TM) SE Runtime Environment (8.0_161-b12) (build 1.8.0_161-b12)
# Java VM: Java HotSpot(TM) 64-Bit Server VM (25.161-b12 mixed mode windows-amd64 compressed oops)
Heap:
 PSYoungGen      total 420352K, used 80649K [0x00000000d5e00000, 0x00000000f2800000, 0x0000000100000000)
  eden space 379904K, 21% used [0x00000000d5e00000,0x00000000dacc2440,0x00000000ed100000)
  from space 40448K, 0% used [0x00000000f0080000,0x00000000f0080000,0x00000000f2800000)
  to   space 44544K, 0% used [0x00000000ed100000,0x00000000ed100000,0x00000000efc80000)
 ParOldGen       total 137216K, used 34378K [0x0000000081a00000, 0x000000008a000000, 0x00000000d5e00000)
  object space 137216K, 25% used [0x0000000081a00000,0x0000000083b92b98,0x000000008a000000)
 Metaspace       used 43756K, capacity 44518K, committed 45056K, reserved 1089536K
  class space    used 5113K, capacity 5337K, committed 5376K, reserved 1048576K
GC Heap History (10 events):
Event: 4.907 GC heap before
{Heap before GC invocations=11 (full 1):
 PSYoungGen      total 220672K, used 220657K [0x00000000d5e00000, 0x00000000eb100000, 0x0000000100000000)
  eden space 198144K, 100% used [0x00000000d5e00000,0x00000000e1f80000,0x00000000e1f80000)
  from space 22528K, 99% used [0x00000000e1f80000,0x00000000e357c440,0x00000000e3580000)
  to   space 32768K, 0% used [0x00000000e9100000,0x00000000e9100000,0x00000000eb100000)
 ParOldGen       total 69632K, used 48431K [0x0000000081a00000, 0x0000000085e00000, 0x00000000d5e00000)
  object space 69632K, 69% used [0x0000000081a00000,0x000000008494bf48,0x0000000085e00000)
 Metaspace       used 23459K, capacity 24094K, committed 24192K, reserved 1071104K
  class space    used 2744K, capacity 2937K, committed 2944K, reserved 1048576K
Event: 4.933 GC heap after
Heap after GC invocations=11 (full 1):
 PSYoungGen      total 306176K, used 32762K [0x00000000d5e00000, 0x00000000ec580000, 0x0000000100000000)
  eden space 273408K, 0% used [0x00000000d5e00000,0x00000000d5e00000,0x00000000e6900000)
  from space 32768K, 99% used [0x00000000e9100000,0x00000000eb0feac8,0x00000000eb100000)
  to   space 40960K, 0% used [0x00000000e6900000,0x00000000e6900000,0x00000000e9100000)
 ParOldGen       total 69632K, used 57700K [0x0000000081a00000, 0x0000000085e00000, 0x00000000d5e00000)
  object space 69632K, 82% used [0x0000000081a00000,0x0000000085259248,0x0000000085e00000)
 Metaspace       used 23459K, capacity 24094K, committed 24192K, reserved 1071104K
  class space    used 2744K, capacity 2937K, committed 2944K, reserved 1048576K
}
Event: 4.933 GC heap before
{Heap before GC invocations=12 (full 2):
 PSYoungGen      total 306176K, used 32762K [0x00000000d5e00000, 0x00000000ec580000, 0x0000000100000000)
  eden space 273408K, 0% used [0x00000000d5e00000,0x00000000d5e00000,0x00000000e6900000)
  from space 32768K, 99% used [0x00000000e9100000,0x00000000eb0feac8,0x00000000eb100000)
  to   space 40960K, 0% used [0x00000000e6900000,0x00000000e6900000,0x00000000e9100000)
 ParOldGen       total 69632K, used 57700K [0x0000000081a00000, 0x0000000085e00000, 0x00000000d5e00000)
  object space 69632K, 82% used [0x0000000081a00000,0x0000000085259248,0x0000000085e00000)
 Metaspace       used 23459K, capacity 24094K, committed 24192K, reserved 1071104K
  class space    used 2744K, capacity 2937K, committed 2944K, reserved 1048576K
Event: 4.975 GC heap after
Heap after GC invocations=12 (full 2):
 PSYoungGen      total 306176K, used 0K [0x00000000d5e00000, 0x00000000ec580000, 0x0000000100000000)
  eden space 273408K, 0% used [0x00000000d5e00000,0x00000000d5e00000,0x00000000e6900000)
  from space 32768K, 0% used [0x00000000e9100000,0x00000000e9100000,0x00000000eb100000)
  to   space 40960K, 0% used [0x00000000e6900000,0x00000000e6900000,0x00000000e9100000)
 ParOldGen       total 133120K, used 52977K [0x0000000081a00000, 0x0000000089c00000, 0x00000000d5e00000)
  object space 133120K, 39% used [0x0000000081a00000,0x0000000084dbc6b8,0x0000000089c00000)
 Metaspace       used 23459K, capacity 24094K, committed 24192K, reserved 1071104K
  class space    used 2744K, capacity 2937K, committed 2944K, reserved 1048576K
}
Event: 6.175 GC heap before
{Heap before GC invocations=13 (full 2):
 PSYoungGen      total 306176K, used 273408K [0x00000000d5e00000, 0x00000000ec580000, 0x0000000100000000)
  eden space 273408K, 100% used [0x00000000d5e00000,0x00000000e6900000,0x00000000e6900000)
  from space 32768K, 0% used [0x00000000e9100000,0x00000000e9100000,0x00000000eb100000)
  to   space 40960K, 0% used [0x00000000e6900000,0x00000000e6900000,0x00000000e9100000)
 ParOldGen       total 133120K, used 52977K [0x0000000081a00000, 0x0000000089c00000, 0x00000000d5e00000)
  object space 133120K, 39% used [0x0000000081a00000,0x0000000084dbc6b8,0x0000000089c00000)
 Metaspace       used 35352K, capacity 36000K, committed 36224K, reserved 1081344K
  class space    used 4217K, capacity 4428K, committed 4480K, reserved 1048576K
Event: 6.203 GC heap after
Heap after GC invocations=13 (full 2):
 PSYoungGen      total 314368K, used 35430K [0x00000000d5e00000, 0x00000000f2d00000, 0x0000000100000000)
  eden space 273408K, 0% used [0x00000000d5e00000,0x00000000d5e00000,0x00000000e6900000)
  from space 40960K, 86% used [0x00000000e6900000,0x00000000e8b99b38,0x00000000e9100000)
  to   space 45568K, 0% used [0x00000000f0080000,0x00000000f0080000,0x00000000f2d00000)
 ParOldGen       total 133120K, used 52993K [0x0000000081a00000, 0x0000000089c00000, 0x00000000d5e00000)
  object space 133120K, 39% used [0x0000000081a00000,0x0000000084dc06b8,0x0000000089c00000)
 Metaspace       used 35352K, capacity 36000K, committed 36224K, reserved 1081344K
  class space    used 4217K, capacity 4428K, committed 4480K, reserved 1048576K
}
Event: 6.796 GC heap before
{Heap before GC invocations=14 (full 2):
 PSYoungGen      total 314368K, used 252543K [0x00000000d5e00000, 0x00000000f2d00000, 0x0000000100000000)
  eden space 273408K, 79% used [0x00000000d5e00000,0x00000000e3206300,0x00000000e6900000)
  from space 40960K, 86% used [0x00000000e6900000,0x00000000e8b99b38,0x00000000e9100000)
  to   space 45568K, 0% used [0x00000000f0080000,0x00000000f0080000,0x00000000f2d00000)
 ParOldGen       total 133120K, used 52993K [0x0000000081a00000, 0x0000000089c00000, 0x00000000d5e00000)
  object space 133120K, 39% used [0x0000000081a00000,0x0000000084dc06b8,0x0000000089c00000)
 Metaspace       used 39358K, capacity 40064K, committed 40320K, reserved 1085440K
  class space    used 4664K, capacity 4856K, committed 4864K, reserved 1048576K
Event: 6.810 GC heap after
Heap after GC invocations=14 (full 2):
 PSYoungGen      total 420352K, used 8984K [0x00000000d5e00000, 0x00000000f2800000, 0x0000000100000000)
  eden space 379904K, 0% used [0x00000000d5e00000,0x00000000d5e00000,0x00000000ed100000)
  from space 40448K, 22% used [0x00000000f0080000,0x00000000f0946328,0x00000000f2800000)
  to   space 44544K, 0% used [0x00000000ed100000,0x00000000ed100000,0x00000000efc80000)
 ParOldGen       total 133120K, used 63901K [0x0000000081a00000, 0x0000000089c00000, 0x00000000d5e00000)
  object space 133120K, 48% used [0x0000000081a00000,0x00000000858675c0,0x0000000089c00000)
 Metaspace       used 39358K, capacity 40064K, committed 40320K, reserved 1085440K
  class space    used 4664K, capacity 4856K, committed 4864K, reserved 1048576K
}
Event: 6.810 GC heap before
{Heap before GC invocations=15 (full 3):
 PSYoungGen      total 420352K, used 8984K [0x00000000d5e00000, 0x00000000f2800000, 0x0000000100000000)
  eden space 379904K, 0% used [0x00000000d5e00000,0x00000000d5e00000,0x00000000ed100000)
  from space 40448K, 22% used [0x00000000f0080000,0x00000000f0946328,0x00000000f2800000)
  to   space 44544K, 0% used [0x00000000ed100000,0x00000000ed100000,0x00000000efc80000)
 ParOldGen       total 133120K, used 63901K [0x0000000081a00000, 0x0000000089c00000, 0x00000000d5e00000)
  object space 133120K, 48% used [0x0000000081a00000,0x00000000858675c0,0x0000000089c00000)
 Metaspace       used 39358K, capacity 40064K, committed 40320K, reserved 1085440K
  class space    used 4664K, capacity 4856K, committed 4864K, reserved 1048576K
Event: 6.968 GC heap after
Heap after GC invocations=15 (full 3):
 PSYoungGen      total 420352K, used 0K [0x00000000d5e00000, 0x00000000f2800000, 0x0000000100000000)
  eden space 379904K, 0% used [0x00000000d5e00000,0x00000000d5e00000,0x00000000ed100000)
  from space 40448K, 0% used [0x00000000f0080000,0x00000000f0080000,0x00000000f2800000)
  to   space 44544K, 0% used [0x00000000ed100000,0x00000000ed100000,0x00000000efc80000)
 ParOldGen       total 137216K, used 34378K [0x0000000081a00000, 0x000000008a000000, 0x00000000d5e00000)
  object space 137216K, 25% used [0x0000000081a00000,0x0000000083b92b98,0x000000008a000000)
 Metaspace       used 39358K, capacity 40064K, committed 40320K, reserved 1085440K
  class space    used 4664K, capacity 4856K, committed 4864K, reserved 1048576K
}

