# JRE version: Java(TM) SE Runtime Environment (8.0_161-b12) (build 1.8.0_161-b12)
# Java VM: Java HotSpot(TM) 64-Bit Server VM (25.161-b12 mixed mode windows-amd64 compressed oops)
Heap:
 PSYoungGen      total 143872K, used 136349K [0x00000000d5e00000, 0x00000000df600000, 0x0000000100000000)
  eden space 132608K, 94% used [0x00000000d5e00000,0x00000000dd82b3f0,0x00000000ddf80000)
  from space 11264K, 99% used [0x00000000ddf80000,0x00000000dea7c278,0x00000000dea80000)
  to   space 10752K, 0% used [0x00000000dea80000,0x00000000dea80000,0x00000000df500000)
 ParOldGen       total 70656K, used 24479K [0x0000000081a00000, 0x0000000085f00000, 0x00000000d5e00000)
  object space 70656K, 34% used [0x0000000081a00000,0x00000000831e7d20,0x0000000085f00000)
 Metaspace       used 23458K, capacity 24052K, committed 24192K, reserved 1071104K
  class space    used 2737K, capacity 2903K, committed 2944K, reserved 1048576K
GC Heap History (10 events):
Event: 1.456 GC heap before
{Heap before GC invocations=4 (full 0):
 PSYoungGen      total 38400K, used 38376K [0x00000000d5e00000, 0x00000000da900000, 0x0000000100000000)
  eden space 33280K, 100% used [0x00000000d5e00000,0x00000000d7e80000,0x00000000d7e80000)
  from space 5120K, 99% used [0x00000000d7e80000,0x00000000d837a070,0x00000000d8380000)
  to   space 5120K, 0% used [0x00000000da400000,0x00000000da400000,0x00000000da900000)
 ParOldGen       total 87552K, used 5693K [0x0000000081a00000, 0x0000000086f80000, 0x00000000d5e00000)
  object space 87552K, 6% used [0x0000000081a00000,0x0000000081f8f748,0x0000000086f80000)
 Metaspace       used 15323K, capacity 15634K, committed 15872K, reserved 1062912K
  class space    used 1845K, capacity 1949K, committed 2048K, reserved 1048576K
Event: 1.462 GC heap after
Heap after GC invocations=4 (full 0):
 PSYoungGen      total 71680K, used 5096K [0x00000000d5e00000, 0x00000000da900000, 0x0000000100000000)
  eden space 66560K, 0% used [0x00000000d5e00000,0x00000000d5e00000,0x00000000d9f00000)
  from space 5120K, 99% used [0x00000000da400000,0x00000000da8fa020,0x00000000da900000)
  to   space 5120K, 0% used [0x00000000d9f00000,0x00000000d9f00000,0x00000000da400000)
 ParOldGen       total 87552K, used 8153K [0x0000000081a00000, 0x0000000086f80000, 0x00000000d5e00000)
  object space 87552K, 9% used [0x0000000081a00000,0x00000000821f6690,0x0000000086f80000)
 Metaspace       used 15323K, capacity 15634K, committed 15872K, reserved 1062912K
  class space    used 1845K, capacity 1949K, committed 2048K, reserved 1048576K
}
Event: 2.058 GC heap before
{Heap before GC invocations=5 (full 0):
 PSYoungGen      total 71680K, used 71656K [0x00000000d5e00000, 0x00000000da900000, 0x0000000100000000)
  eden space 66560K, 100% used [0x00000000d5e00000,0x00000000d9f00000,0x00000000d9f00000)
  from space 5120K, 99% used [0x00000000da400000,0x00000000da8fa020,0x00000000da900000)
  to   space 5120K, 0% used [0x00000000d9f00000,0x00000000d9f00000,0x00000000da400000)
 ParOldGen       total 87552K, used 8153K [0x0000000081a00000, 0x0000000086f80000, 0x00000000d5e00000)
  object space 87552K, 9% used [0x0000000081a00000,0x00000000821f6690,0x0000000086f80000)
 Metaspace       used 16781K, capacity 17292K, committed 17536K, reserved 1064960K
  class space    used 1960K, capacity 2096K, committed 2176K, reserved 1048576K
Event: 2.067 GC heap after
Heap after GC invocations=5 (full 0):
 PSYoungGen      total 71680K, used 5112K [0x00000000d5e00000, 0x00000000df500000, 0x0000000100000000)
  eden space 66560K, 0% used [0x00000000d5e00000,0x00000000d5e00000,0x00000000d9f00000)
  from space 5120K, 99% used [0x00000000d9f00000,0x00000000da3fe030,0x00000000da400000)
  to   space 10752K, 0% used [0x00000000dea80000,0x00000000dea80000,0x00000000df500000)
 ParOldGen       total 87552K, used 12526K [0x0000000081a00000, 0x0000000086f80000, 0x00000000d5e00000)
  object space 87552K, 14% used [0x0000000081a00000,0x000000008263b9a8,0x0000000086f80000)
 Metaspace       used 16781K, capacity 17292K, committed 17536K, reserved 1064960K
  class space    used 1960K, capacity 2096K, committed 2176K, reserved 1048576K
}
Event: 2.777 GC heap before
{Heap before GC invocations=6 (full 0):
 PSYoungGen      total 71680K, used 36949K [0x00000000d5e00000, 0x00000000df500000, 0x0000000100000000)
  eden space 66560K, 47% used [0x00000000d5e00000,0x00000000d7d176b0,0x00000000d9f00000)
  from space 5120K, 99% used [0x00000000d9f00000,0x00000000da3fe030,0x00000000da400000)
  to   space 10752K, 0% used [0x00000000dea80000,0x00000000dea80000,0x00000000df500000)
 ParOldGen       total 87552K, used 12526K [0x0000000081a00000, 0x0000000086f80000, 0x00000000d5e00000)
  object space 87552K, 14% used [0x0000000081a00000,0x000000008263b9a8,0x0000000086f80000)
 Metaspace       used 20571K, capacity 21136K, committed 21296K, reserved 1069056K
  class space    used 2429K, capacity 2592K, committed 2688K, reserved 1048576K
Event: 2.785 GC heap after
Heap after GC invocations=6 (full 0):
 PSYoungGen      total 143360K, used 9286K [0x00000000d5e00000, 0x00000000df600000, 0x0000000100000000)
  eden space 132608K, 0% used [0x00000000d5e00000,0x00000000d5e00000,0x00000000ddf80000)
  from space 10752K, 86% used [0x00000000dea80000,0x00000000df391a60,0x00000000df500000)
  to   space 11264K, 0% used [0x00000000ddf80000,0x00000000ddf80000,0x00000000dea80000)
 ParOldGen       total 87552K, used 12534K [0x0000000081a00000, 0x0000000086f80000, 0x00000000d5e00000)
  object space 87552K, 14% used [0x0000000081a00000,0x000000008263d9a8,0x0000000086f80000)
 Metaspace       used 20571K, capacity 21136K, committed 21296K, reserved 1069056K
  class space    used 2429K, capacity 2592K, committed 2688K, reserved 1048576K
}
Event: 2.785 GC heap before
{Heap before GC invocations=7 (full 1):
 PSYoungGen      total 143360K, used 9286K [0x00000000d5e00000, 0x00000000df600000, 0x0000000100000000)
  eden space 132608K, 0% used [0x00000000d5e00000,0x00000000d5e00000,0x00000000ddf80000)
  from space 10752K, 86% used [0x00000000dea80000,0x00000000df391a60,0x00000000df500000)
  to   space 11264K, 0% used [0x00000000ddf80000,0x00000000ddf80000,0x00000000dea80000)
 ParOldGen       total 87552K, used 12534K [0x0000000081a00000, 0x0000000086f80000, 0x00000000d5e00000)
  object space 87552K, 14% used [0x0000000081a00000,0x000000008263d9a8,0x0000000086f80000)
 Metaspace       used 20571K, capacity 21136K, committed 21296K, reserved 1069056K
  class space    used 2429K, capacity 2592K, committed 2688K, reserved 1048576K
Event: 2.822 GC heap after
Heap after GC invocations=7 (full 1):
 PSYoungGen      total 143360K, used 0K [0x00000000d5e00000, 0x00000000df600000, 0x0000000100000000)
  eden space 132608K, 0% used [0x00000000d5e00000,0x00000000d5e00000,0x00000000ddf80000)
  from space 10752K, 0% used [0x00000000dea80000,0x00000000dea80000,0x00000000df500000)
  to   space 11264K, 0% used [0x00000000ddf80000,0x00000000ddf80000,0x00000000dea80000)
 ParOldGen       total 70656K, used 15428K [0x0000000081a00000, 0x0000000085f00000, 0x00000000d5e00000)
  object space 70656K, 21% used [0x0000000081a00000,0x00000000829112a8,0x0000000085f00000)
 Metaspace       used 20571K, capacity 21136K, committed 21296K, reserved 1069056K
  class space    used 2429K, capacity 2592K, committed 2688K, reserved 1048576K
}
Event: 3.474 GC heap before
{Heap before GC invocations=8 (full 1):
 PSYoungGen      total 143360K, used 132608K [0x00000000d5e00000, 0x00000000df600000, 0x0000000100000000)
  eden space 132608K, 100% used [0x00000000d5e00000,0x00000000ddf80000,0x00000000ddf80000)
  from space 10752K, 0% used [0x00000000dea80000,0x00000000dea80000,0x00000000df500000)
  to   space 11264K, 0% used [0x00000000ddf80000,0x00000000ddf80000,0x00000000dea80000)
 ParOldGen       total 70656K, used 15428K [0x0000000081a00000, 0x0000000085f00000, 0x00000000d5e00000)
  object space 70656K, 21% used [0x0000000081a00000,0x00000000829112a8,0x0000000085f00000)
 Metaspace       used 23456K, capacity 24052K, committed 24192K, reserved 1071104K
  class space    used 2737K, capacity 2903K, committed 2944K, reserved 1048576K
Event: 3.487 GC heap after
Heap after GC invocations=8 (full 1):
 PSYoungGen      total 143872K, used 11248K [0x00000000d5e00000, 0x00000000df600000, 0x0000000100000000)
  eden space 132608K, 0% used [0x00000000d5e00000,0x00000000d5e00000,0x00000000ddf80000)
  from space 11264K, 99% used [0x00000000ddf80000,0x00000000dea7c278,0x00000000dea80000)
  to   space 10752K, 0% used [0x00000000dea80000,0x00000000dea80000,0x00000000df500000)
 ParOldGen       total 70656K, used 24479K [0x0000000081a00000, 0x0000000085f00000, 0x00000000d5e00000)
  object space 70656K, 34% used [0x0000000081a00000,0x00000000831e7d20,0x0000000085f00000)
 Metaspace       used 23456K, capacity 24052K, committed 24192K, reserved 1071104K
  class space    used 2737K, capacity 2903K, committed 2944K, reserved 1048576K
}

