# JRE version: Java(TM) SE Runtime Environment (8.0_161-b12) (build 1.8.0_161-b12)
# Java VM: Java HotSpot(TM) 64-Bit Server VM (25.161-b12 mixed mode windows-amd64 compressed oops)
Heap:
 PSYoungGen      total 74240K, used 48749K [0x00000000d5e00000, 0x00000000dae00000, 0x0000000100000000)
  eden space 66560K, 73% used [0x00000000d5e00000,0x00000000d8d9b530,0x00000000d9f00000)
  from space 7680K, 0% used [0x00000000d9f00000,0x00000000d9f00000,0x00000000da680000)
  to   space 7680K, 0% used [0x00000000da680000,0x00000000da680000,0x00000000dae00000)
 ParOldGen       total 57344K, used 11371K [0x0000000081a00000, 0x0000000085200000, 0x00000000d5e00000)
  object space 57344K, 19% used [0x0000000081a00000,0x000000008251afd8,0x0000000085200000)
 Metaspace       used 27380K, capacity 27738K, committed 28032K, reserved 1075200K
  class space    used 3058K, capacity 3173K, committed 3200K, reserved 1048576K
GC Heap History (10 events):
Event: 2.288 GC heap before
{Heap before GC invocations=4 (full 0):
 PSYoungGen      total 38400K, used 38376K [0x00000000d5e00000, 0x00000000d8880000, 0x0000000100000000)
  eden space 33280K, 100% used [0x00000000d5e00000,0x00000000d7e80000,0x00000000d7e80000)
  from space 5120K, 99% used [0x00000000d7e80000,0x00000000d837a040,0x00000000d8380000)
  to   space 5120K, 0% used [0x00000000d8380000,0x00000000d8380000,0x00000000d8880000)
 ParOldGen       total 87552K, used 3929K [0x0000000081a00000, 0x0000000086f80000, 0x00000000d5e00000)
  object space 87552K, 4% used [0x0000000081a00000,0x0000000081dd6490,0x0000000086f80000)
 Metaspace       used 19173K, capacity 19428K, committed 19584K, reserved 1067008K
  class space    used 2256K, capacity 2348K, committed 2432K, reserved 1048576K
Event: 2.293 GC heap after
Heap after GC invocations=4 (full 0):
 PSYoungGen      total 38400K, used 5096K [0x00000000d5e00000, 0x00000000da900000, 0x0000000100000000)
  eden space 33280K, 0% used [0x00000000d5e00000,0x00000000d5e00000,0x00000000d7e80000)
  from space 5120K, 99% used [0x00000000d8380000,0x00000000d887a050,0x00000000d8880000)
  to   space 5120K, 0% used [0x00000000d7e80000,0x00000000d7e80000,0x00000000d8380000)
 ParOldGen       total 87552K, used 4989K [0x0000000081a00000, 0x0000000086f80000, 0x00000000d5e00000)
  object space 87552K, 5% used [0x0000000081a00000,0x0000000081edf7b0,0x0000000086f80000)
 Metaspace       used 19173K, capacity 19428K, committed 19584K, reserved 1067008K
  class space    used 2256K, capacity 2348K, committed 2432K, reserved 1048576K
}
Event: 2.365 GC heap before
{Heap before GC invocations=5 (full 0):
 PSYoungGen      total 38400K, used 38376K [0x00000000d5e00000, 0x00000000da900000, 0x0000000100000000)
  eden space 33280K, 100% used [0x00000000d5e00000,0x00000000d7e80000,0x00000000d7e80000)
  from space 5120K, 99% used [0x00000000d8380000,0x00000000d887a050,0x00000000d8880000)
  to   space 5120K, 0% used [0x00000000d7e80000,0x00000000d7e80000,0x00000000d8380000)
 ParOldGen       total 87552K, used 4989K [0x0000000081a00000, 0x0000000086f80000, 0x00000000d5e00000)
  object space 87552K, 5% used [0x0000000081a00000,0x0000000081edf7b0,0x0000000086f80000)
 Metaspace       used 19368K, capacity 19626K, committed 19840K, reserved 1067008K
  class space    used 2266K, capacity 2349K, committed 2432K, reserved 1048576K
Event: 2.369 GC heap after
Heap after GC invocations=5 (full 0):
 PSYoungGen      total 38400K, used 5112K [0x00000000d5e00000, 0x00000000dae00000, 0x0000000100000000)
  eden space 33280K, 0% used [0x00000000d5e00000,0x00000000d5e00000,0x00000000d7e80000)
  from space 5120K, 99% used [0x00000000d7e80000,0x00000000d837e050,0x00000000d8380000)
  to   space 7680K, 0% used [0x00000000da680000,0x00000000da680000,0x00000000dae00000)
 ParOldGen       total 87552K, used 6049K [0x0000000081a00000, 0x0000000086f80000, 0x00000000d5e00000)
  object space 87552K, 6% used [0x0000000081a00000,0x0000000081fe8798,0x0000000086f80000)
 Metaspace       used 19368K, capacity 19626K, committed 19840K, reserved 1067008K
  class space    used 2266K, capacity 2349K, committed 2432K, reserved 1048576K
}
Event: 2.436 GC heap before
{Heap before GC invocations=6 (full 0):
 PSYoungGen      total 38400K, used 38392K [0x00000000d5e00000, 0x00000000dae00000, 0x0000000100000000)
  eden space 33280K, 100% used [0x00000000d5e00000,0x00000000d7e80000,0x00000000d7e80000)
  from space 5120K, 99% used [0x00000000d7e80000,0x00000000d837e050,0x00000000d8380000)
  to   space 7680K, 0% used [0x00000000da680000,0x00000000da680000,0x00000000dae00000)
 ParOldGen       total 87552K, used 6049K [0x0000000081a00000, 0x0000000086f80000, 0x00000000d5e00000)
  object space 87552K, 6% used [0x0000000081a00000,0x0000000081fe8798,0x0000000086f80000)
 Metaspace       used 19558K, capacity 19842K, committed 20096K, reserved 1067008K
  class space    used 2277K, capacity 2353K, committed 2432K, reserved 1048576K
Event: 2.441 GC heap after
Heap after GC invocations=6 (full 0):
 PSYoungGen      total 74240K, used 6360K [0x00000000d5e00000, 0x00000000dae00000, 0x0000000100000000)
  eden space 66560K, 0% used [0x00000000d5e00000,0x00000000d5e00000,0x00000000d9f00000)
  from space 7680K, 82% used [0x00000000da680000,0x00000000dacb6090,0x00000000dae00000)
  to   space 7680K, 0% used [0x00000000d9f00000,0x00000000d9f00000,0x00000000da680000)
 ParOldGen       total 87552K, used 6057K [0x0000000081a00000, 0x0000000086f80000, 0x00000000d5e00000)
  object space 87552K, 6% used [0x0000000081a00000,0x0000000081fea798,0x0000000086f80000)
 Metaspace       used 19558K, capacity 19842K, committed 20096K, reserved 1067008K
  class space    used 2277K, capacity 2353K, committed 2432K, reserved 1048576K
}
Event: 2.618 GC heap before
{Heap before GC invocations=7 (full 0):
 PSYoungGen      total 74240K, used 56373K [0x00000000d5e00000, 0x00000000dae00000, 0x0000000100000000)
  eden space 66560K, 75% used [0x00000000d5e00000,0x00000000d8ed74b0,0x00000000d9f00000)
  from space 7680K, 82% used [0x00000000da680000,0x00000000dacb6090,0x00000000dae00000)
  to   space 7680K, 0% used [0x00000000d9f00000,0x00000000d9f00000,0x00000000da680000)
 ParOldGen       total 87552K, used 6057K [0x0000000081a00000, 0x0000000086f80000, 0x00000000d5e00000)
  object space 87552K, 6% used [0x0000000081a00000,0x0000000081fea798,0x0000000086f80000)
 Metaspace       used 20915K, capacity 21154K, committed 21248K, reserved 1069056K
  class space    used 2408K, capacity 2513K, committed 2560K, reserved 1048576K
Event: 2.625 GC heap after
Heap after GC invocations=7 (full 0):
 PSYoungGen      total 74240K, used 6322K [0x00000000d5e00000, 0x00000000dae00000, 0x0000000100000000)
  eden space 66560K, 0% used [0x00000000d5e00000,0x00000000d5e00000,0x00000000d9f00000)
  from space 7680K, 82% used [0x00000000d9f00000,0x00000000da52c968,0x00000000da680000)
  to   space 7680K, 0% used [0x00000000da680000,0x00000000da680000,0x00000000dae00000)
 ParOldGen       total 87552K, used 8915K [0x0000000081a00000, 0x0000000086f80000, 0x00000000d5e00000)
  object space 87552K, 10% used [0x0000000081a00000,0x00000000822b4ef0,0x0000000086f80000)
 Metaspace       used 20915K, capacity 21154K, committed 21248K, reserved 1069056K
  class space    used 2408K, capacity 2513K, committed 2560K, reserved 1048576K
}
Event: 2.625 GC heap before
{Heap before GC invocations=8 (full 1):
 PSYoungGen      total 74240K, used 6322K [0x00000000d5e00000, 0x00000000dae00000, 0x0000000100000000)
  eden space 66560K, 0% used [0x00000000d5e00000,0x00000000d5e00000,0x00000000d9f00000)
  from space 7680K, 82% used [0x00000000d9f00000,0x00000000da52c968,0x00000000da680000)
  to   space 7680K, 0% used [0x00000000da680000,0x00000000da680000,0x00000000dae00000)
 ParOldGen       total 87552K, used 8915K [0x0000000081a00000, 0x0000000086f80000, 0x00000000d5e00000)
  object space 87552K, 10% used [0x0000000081a00000,0x00000000822b4ef0,0x0000000086f80000)
 Metaspace       used 20915K, capacity 21154K, committed 21248K, reserved 1069056K
  class space    used 2408K, capacity 2513K, committed 2560K, reserved 1048576K
Event: 2.659 GC heap after
Heap after GC invocations=8 (full 1):
 PSYoungGen      total 74240K, used 0K [0x00000000d5e00000, 0x00000000dae00000, 0x0000000100000000)
  eden space 66560K, 0% used [0x00000000d5e00000,0x00000000d5e00000,0x00000000d9f00000)
  from space 7680K, 0% used [0x00000000d9f00000,0x00000000d9f00000,0x00000000da680000)
  to   space 7680K, 0% used [0x00000000da680000,0x00000000da680000,0x00000000dae00000)
 ParOldGen       total 57344K, used 11371K [0x0000000081a00000, 0x0000000085200000, 0x00000000d5e00000)
  object space 57344K, 19% used [0x0000000081a00000,0x000000008251afd8,0x0000000085200000)
 Metaspace       used 20915K, capacity 21154K, committed 21248K, reserved 1069056K
  class space    used 2408K, capacity 2513K, committed 2560K, reserved 1048576K
}

